-------------------------------------------------------------------------------
Test set: TestSuite
-------------------------------------------------------------------------------
Tests run: 1, Failures: 1, Errors: 0, Skipped: 0, Time elapsed: 6.92 s <<< FAILURE! - in TestSuite
titleTest(com.extent.testcases.LoginTest)  Time elapsed: 0.023 s  <<< FAILURE!
java.lang.AssertionError: expected [Google] but found [Google1]
	at com.extent.testcases.LoginTest.titleTest(LoginTest.java:34)

