<?xml version="1.0" encoding="UTF-8"?>
<!-- Generated by org.testng.reporters.JUnitXMLReporter -->
<testsuite hostname="Manisha" ignored="0" name="Extent Test" tests="1" failures="1" timestamp="01 Jul 2019 09:51:53 GMT" time="6.402" errors="0">
  <testcase name="titleTest" time="0.016" classname="com.extent.testcases.LoginTest">
    <failure type="java.lang.AssertionError" message="expected [Google] but found [Google1]">
      <![CDATA[java.lang.AssertionError: expected [Google] but found [Google1]
at com.extent.testcases.LoginTest.titleTest(LoginTest.java:34)
... Removed 35 stack frames]]>
    </failure>
  </testcase> <!-- titleTest -->
</testsuite> <!-- Extent Test -->
