<?xml version="1.0" encoding="UTF-8"?>
<!-- Generated by org.testng.reporters.JUnitXMLReporter -->
<testsuite hostname="Manisha" ignored="0" name="Extent Test" tests="2" failures="1" timestamp="03 Jul 2019 12:35:40 GMT" time="23.947" errors="0">
  <testcase name="logotest" time="0.08" classname="com.extent.testcases.LoginTest">
    <failure type="java.lang.AssertionError" message="expected [false] but found [true]">
      <![CDATA[java.lang.AssertionError: expected [false] but found [true]
at com.extent.testcases.LoginTest.logotest(LoginTest.java:33)
... Removed 35 stack frames]]>
    </failure>
  </testcase> <!-- logotest -->
  <testcase name="titleTest" time="0.012" classname="com.extent.testcases.LoginTest"/>
</testsuite> <!-- Extent Test -->
