<?xml version="1.0" encoding="UTF-8"?>
<!-- Generated by org.testng.reporters.JUnitXMLReporter -->
<testsuite hostname="Manisha" name="Extent Test" tests="2" failures="1" timestamp="3 Jul 2019 12:10:54 GMT" time="19.487" errors="0">
  <testcase name="logotest" time="0.049" classname="com.extent.testcases.LoginTest">
    <failure type="java.lang.AssertionError" message="expected [false] but found [true]">
      <![CDATA[java.lang.AssertionError: expected [false] but found [true]
	at com.extent.testcases.LoginTest.logotest(LoginTest.java:33)
... Removed 31 stack frames]]>
    </failure>
  </testcase> <!-- logotest -->
  <testcase name="titleTest" time="0.012" classname="com.extent.testcases.LoginTest"/>
</testsuite> <!-- Extent Test -->
